<?xml version="1.0" encoding="UTF-8"?>
<!-- Generated by org.testng.reporters.JUnitReportReporter -->
<testsuite skipped="0" hostname="DESKTOP-PDFKB5E" name="runner.FailedTestRunner" tests="2" failures="0" timestamp="2024-01-05T03:35:21 GMT" time="3.866" errors="0">
  <testcase name="runScenario" time="3.459" classname="runner.FailedTestRunner"/>
  <system-out/>
  <testcase name="runScenario" time="0.407" classname="runner.FailedTestRunner"/>
  <system-out/>
</testsuite> <!-- runner.FailedTestRunner -->
